c:\users\kiheyunkim\documents\visual studio 2017\projects\packet generator\packet generator\debug\packet generator.pch
c:\users\kiheyunkim\documents\visual studio 2017\projects\packet generator\packet generator\debug\vc141.pdb
c:\users\kiheyunkim\documents\visual studio 2017\projects\packet generator\packet generator\debug\vc141.idb
c:\users\kiheyunkim\documents\visual studio 2017\projects\packet generator\packet generator\debug\stdafx.obj
c:\users\kiheyunkim\documents\visual studio 2017\projects\packet generator\packet generator\debug\stream.obj
c:\users\kiheyunkim\documents\visual studio 2017\projects\packet generator\packet generator\debug\packetio.obj
c:\users\kiheyunkim\documents\visual studio 2017\projects\packet generator\packet generator\debug\packet.obj
c:\users\kiheyunkim\documents\visual studio 2017\projects\packet generator\packet generator\debug\packet generator.obj
c:\users\kihey\documents\visual studio 2017\projects\packet generator\debug\packet generator.exe
c:\users\kihey\documents\visual studio 2017\projects\packet generator\debug\packet generator.ilk
c:\users\kihey\documents\visual studio 2017\projects\packet generator\debug\packet generator.pdb
c:\users\kiheyunkim\documents\visual studio 2017\projects\packet generator\debug\packet generator.exe
c:\users\kiheyunkim\documents\visual studio 2017\projects\packet generator\debug\packet generator.ilk
c:\users\kiheyunkim\documents\visual studio 2017\projects\packet generator\debug\packet generator.pdb
c:\users\kiheyunkim\documents\github\packetgenerator\packet generator\packet generator\debug\loginpacket.obj
c:\users\kiheyunkim\documents\github\packetgenerator\packet generator\packet generator\debug\packet generator.obj
c:\users\kiheyunkim\documents\github\packetgenerator\packet generator\packet generator\debug\packet.obj
c:\users\kiheyunkim\documents\github\packetgenerator\packet generator\packet generator\debug\packetio.obj
c:\users\kiheyunkim\documents\github\packetgenerator\packet generator\packet generator\debug\stdafx.obj
c:\users\kiheyunkim\documents\github\packetgenerator\packet generator\packet generator\debug\stream.obj
c:\users\kiheyunkim\documents\github\packetgenerator\packet generator\packet generator\debug\packet generator.pch
c:\users\kiheyunkim\documents\github\packetgenerator\packet generator\packet generator\debug\vc141.idb
c:\users\kiheyunkim\documents\github\packetgenerator\packet generator\packet generator\debug\vc141.pdb
c:\users\kiheyunkim\documents\github\packetgenerator\packet generator\debug\packet generator.pdb
c:\users\kiheyunkim\documents\github\packetgenerator\packet generator\debug\packet generator.exe
c:\users\kiheyunkim\documents\github\packetgenerator\packet generator\debug\packet generator.ilk
c:\users\kiheyunkim\documents\github\packetgenerator\packet generator\packet generator\debug\packet generator.tlog\cl.command.1.tlog
c:\users\kiheyunkim\documents\github\packetgenerator\packet generator\packet generator\debug\packet generator.tlog\cl.read.1.tlog
c:\users\kiheyunkim\documents\github\packetgenerator\packet generator\packet generator\debug\packet generator.tlog\cl.write.1.tlog
c:\users\kiheyunkim\documents\github\packetgenerator\packet generator\packet generator\debug\packet generator.tlog\link.command.1.tlog
c:\users\kiheyunkim\documents\github\packetgenerator\packet generator\packet generator\debug\packet generator.tlog\link.read.1.tlog
c:\users\kiheyunkim\documents\github\packetgenerator\packet generator\packet generator\debug\packet generator.tlog\link.write.1.tlog
